<?xml version="1.0" encoding="UTF-8"?>
<!-- Generated by org.testng.reporters.JUnitReportReporter -->
<testsuite hostname="LIN76003961" failures="0" tests="1" name="testCases.TC_001_Account_RegistrationPage" time="5.877" errors="0" timestamp="2023-07-08T21:16:25 IST" skipped="0">
  <testcase classname="testCases.TC_001_Account_RegistrationPage" name="test_account_Registration" time="5.877"/>
  <system-out/>
</testsuite> <!-- testCases.TC_001_Account_RegistrationPage -->
