<?xml version="1.0" encoding="UTF-8"?>
<!-- Generated by org.testng.reporters.JUnitReportReporter -->
<testsuite hostname="LIN76003961" failures="0" tests="1" name="testCases.TC_002_LoginTest" time="2.117" errors="0" timestamp="2023-07-08T22:27:03 IST" skipped="0">
  <testcase classname="testCases.TC_002_LoginTest" name="test_Login" time="2.117"/>
  <system-out/>
</testsuite> <!-- testCases.TC_002_LoginTest -->
